

Started GET "/" for 127.0.0.1 at 2016-01-18 14:14:04 +0530

ActiveRecord::PendingMigrationError (

Migrations are pending. To resolve this issue, run:

	bin/rake db:migrate RAILS_ENV=development

):
  activerecord (4.2.5) lib/active_record/migration.rb:392:in `check_pending!'
  activerecord (4.2.5) lib/active_record/migration.rb:373:in `call'
  actionpack (4.2.5) lib/action_dispatch/middleware/callbacks.rb:29:in `block in call'
  activesupport (4.2.5) lib/active_support/callbacks.rb:88:in `__run_callbacks__'
  activesupport (4.2.5) lib/active_support/callbacks.rb:778:in `_run_call_callbacks'
  activesupport (4.2.5) lib/active_support/callbacks.rb:81:in `run_callbacks'
  actionpack (4.2.5) lib/action_dispatch/middleware/callbacks.rb:27:in `call'
  actionpack (4.2.5) lib/action_dispatch/middleware/reloader.rb:73:in `call'
  actionpack (4.2.5) lib/action_dispatch/middleware/remote_ip.rb:78:in `call'
  actionpack (4.2.5) lib/action_dispatch/middleware/debug_exceptions.rb:17:in `call'
  web-console (2.2.1) lib/web_console/middleware.rb:39:in `call'
  actionpack (4.2.5) lib/action_dispatch/middleware/show_exceptions.rb:30:in `call'
  railties (4.2.5) lib/rails/rack/logger.rb:38:in `call_app'
  railties (4.2.5) lib/rails/rack/logger.rb:20:in `block in call'
  activesupport (4.2.5) lib/active_support/tagged_logging.rb:68:in `block in tagged'
  activesupport (4.2.5) lib/active_support/tagged_logging.rb:26:in `tagged'
  activesupport (4.2.5) lib/active_support/tagged_logging.rb:68:in `tagged'
  railties (4.2.5) lib/rails/rack/logger.rb:20:in `call'
  actionpack (4.2.5) lib/action_dispatch/middleware/request_id.rb:21:in `call'
  rack (1.6.4) lib/rack/methodoverride.rb:22:in `call'
  rack (1.6.4) lib/rack/runtime.rb:18:in `call'
  activesupport (4.2.5) lib/active_support/cache/strategy/local_cache_middleware.rb:28:in `call'
  rack (1.6.4) lib/rack/lock.rb:17:in `call'
  actionpack (4.2.5) lib/action_dispatch/middleware/static.rb:116:in `call'
  rack (1.6.4) lib/rack/sendfile.rb:113:in `call'
  railties (4.2.5) lib/rails/engine.rb:518:in `call'
  railties (4.2.5) lib/rails/application.rb:165:in `call'
  rack (1.6.4) lib/rack/lock.rb:17:in `call'
  rack (1.6.4) lib/rack/content_length.rb:15:in `call'
  rack (1.6.4) lib/rack/handler/webrick.rb:88:in `service'
  /home/qt-vijay/.rvm/rubies/ruby-2.2.1/lib/ruby/2.2.0/webrick/httpserver.rb:138:in `service'
  /home/qt-vijay/.rvm/rubies/ruby-2.2.1/lib/ruby/2.2.0/webrick/httpserver.rb:94:in `run'
  /home/qt-vijay/.rvm/rubies/ruby-2.2.1/lib/ruby/2.2.0/webrick/server.rb:294:in `block in start_thread'


  Rendered /home/qt-vijay/.rvm/gems/ruby-2.2.1/gems/actionpack-4.2.5/lib/action_dispatch/middleware/templates/rescues/_source.erb (2.5ms)
  Rendered /home/qt-vijay/.rvm/gems/ruby-2.2.1/gems/actionpack-4.2.5/lib/action_dispatch/middleware/templates/rescues/_trace.html.erb (1.2ms)
  Rendered /home/qt-vijay/.rvm/gems/ruby-2.2.1/gems/actionpack-4.2.5/lib/action_dispatch/middleware/templates/rescues/_request_and_response.html.erb (0.7ms)
  Rendered /home/qt-vijay/.rvm/gems/ruby-2.2.1/gems/actionpack-4.2.5/lib/action_dispatch/middleware/templates/rescues/diagnostics.html.erb within rescues/layout (17.7ms)
  Rendered /home/qt-vijay/.rvm/gems/ruby-2.2.1/gems/web-console-2.2.1/lib/web_console/templates/_markup.html.erb (0.3ms)
  Rendered /home/qt-vijay/.rvm/gems/ruby-2.2.1/gems/web-console-2.2.1/lib/web_console/templates/_inner_console_markup.html.erb within layouts/inlined_string (0.2ms)
  Rendered /home/qt-vijay/.rvm/gems/ruby-2.2.1/gems/web-console-2.2.1/lib/web_console/templates/_prompt_box_markup.html.erb within layouts/inlined_string (0.4ms)
  Rendered /home/qt-vijay/.rvm/gems/ruby-2.2.1/gems/web-console-2.2.1/lib/web_console/templates/style.css.erb within layouts/inlined_string (0.4ms)
  Rendered /home/qt-vijay/.rvm/gems/ruby-2.2.1/gems/web-console-2.2.1/lib/web_console/templates/console.js.erb within layouts/javascript (14.7ms)
  Rendered /home/qt-vijay/.rvm/gems/ruby-2.2.1/gems/web-console-2.2.1/lib/web_console/templates/main.js.erb within layouts/javascript (0.3ms)
  Rendered /home/qt-vijay/.rvm/gems/ruby-2.2.1/gems/web-console-2.2.1/lib/web_console/templates/error_page.js.erb within layouts/javascript (0.3ms)
  Rendered /home/qt-vijay/.rvm/gems/ruby-2.2.1/gems/web-console-2.2.1/lib/web_console/templates/index.html.erb (30.8ms)
  [1m[36m (129.9ms)[0m  [1mCREATE TABLE "schema_migrations" ("version" varchar NOT NULL) [0m
  [1m[35m (0.1ms)[0m  select sqlite_version(*)
  [1m[36m (149.4ms)[0m  [1mCREATE UNIQUE INDEX "unique_schema_migrations" ON "schema_migrations" ("version")[0m
  [1m[35mActiveRecord::SchemaMigration Load (0.1ms)[0m  SELECT "schema_migrations".* FROM "schema_migrations"
Migrating to CreateArticles (20160118084322)
  [1m[36m (0.1ms)[0m  [1mbegin transaction[0m
  [1m[35m (0.5ms)[0m  CREATE TABLE "articles" ("id" INTEGER PRIMARY KEY AUTOINCREMENT NOT NULL, "title" varchar, "text" varchar, "created_at" datetime NOT NULL, "updated_at" datetime NOT NULL) 
  [1m[36mSQL (0.2ms)[0m  [1mINSERT INTO "schema_migrations" ("version") VALUES (?)[0m  [["version", "20160118084322"]]
  [1m[35m (147.0ms)[0m  commit transaction
  [1m[36mActiveRecord::SchemaMigration Load (0.1ms)[0m  [1mSELECT "schema_migrations".* FROM "schema_migrations"[0m


Started GET "/" for 127.0.0.1 at 2016-01-18 14:14:19 +0530
  [1m[36mActiveRecord::SchemaMigration Load (0.1ms)[0m  [1mSELECT "schema_migrations".* FROM "schema_migrations"[0m
Processing by Rails::WelcomeController#index as HTML
  Rendered /home/qt-vijay/.rvm/gems/ruby-2.2.1/gems/railties-4.2.5/lib/rails/templates/rails/welcome/index.html.erb (0.6ms)
Completed 200 OK in 28ms (Views: 12.0ms | ActiveRecord: 0.0ms)


Started GET "/articles" for 127.0.0.1 at 2016-01-18 14:14:24 +0530
Processing by ArticlesController#index as HTML
  [1m[35mArticle Load (0.3ms)[0m  SELECT "articles".* FROM "articles"
  Rendered articles/index.html.erb within layouts/application (3.0ms)
Completed 200 OK in 1752ms (Views: 1748.3ms | ActiveRecord: 0.5ms)


Started GET "/assets/articles.self-e3b0c44298fc1c149afbf4c8996fb92427ae41e4649b934ca495991b7852b855.css?body=1" for 127.0.0.1 at 2016-01-18 14:14:26 +0530


Started GET "/assets/scaffolds.self-de8d5667933e1be98edc604aece5a23def9dce3c7bd70910a37f66b44eeed84c.css?body=1" for 127.0.0.1 at 2016-01-18 14:14:26 +0530


Started GET "/assets/application.self-e80e8f2318043e8af94dddc2adad5a4f09739a8ebb323b3ab31cd71d45fd9113.css?body=1" for 127.0.0.1 at 2016-01-18 14:14:26 +0530


Started GET "/assets/turbolinks.self-c37727e9bd6b2735da5c311aa83fead54ed0be6cc8bd9a65309e9c5abe2cbfff.js?body=1" for 127.0.0.1 at 2016-01-18 14:14:26 +0530


Started GET "/assets/jquery_ujs.self-d602bdfe68ffc63b9f9cc512872aa3cfff046228a0a36e90dd476e8ef54c1b09.js?body=1" for 127.0.0.1 at 2016-01-18 14:14:26 +0530


Started GET "/assets/jquery.self-c64a74367bda6ef8b860f19e74df08927ca99d2be2ac934e9e92d5fd361e0da4.js?body=1" for 127.0.0.1 at 2016-01-18 14:14:26 +0530


Started GET "/assets/application.self-3b8dabdc891efe46b9a144b400ad69e37d7e5876bdc39dee783419a69d7ca819.js?body=1" for 127.0.0.1 at 2016-01-18 14:14:26 +0530


Started GET "/assets/articles.self-877aef30ae1b040ab8a3aba4e3e309a11d7f2612f44dde450b5c157aa5f95c05.js?body=1" for 127.0.0.1 at 2016-01-18 14:14:26 +0530


Started GET "/articles/new" for 127.0.0.1 at 2016-01-18 14:14:29 +0530
Processing by ArticlesController#new as HTML
  Rendered articles/_form.html.erb (268.6ms)
  Rendered articles/new.html.erb within layouts/application (269.7ms)
Completed 200 OK in 293ms (Views: 290.1ms | ActiveRecord: 0.2ms)


Started POST "/articles" for 127.0.0.1 at 2016-01-18 14:14:42 +0530
Processing by ArticlesController#create as HTML
  Parameters: {"utf8"=>"✓", "authenticity_token"=>"BGPTegyGfbPIYq0lQMaD8a5VLagHWQgJiDZc1SDLNzTa2TweewJ5/tNNjopi7EO8w/Ny8yOjiN7jwjjzt2W/+A==", "article"=>{"title"=>"New", "text"=>"article"}, "commit"=>"Create Article"}
  [1m[36m (0.1ms)[0m  [1mbegin transaction[0m
  [1m[35mSQL (0.3ms)[0m  INSERT INTO "articles" ("title", "text", "created_at", "updated_at") VALUES (?, ?, ?, ?)  [["title", "New"], ["text", "article"], ["created_at", "2016-01-18 08:44:42.447736"], ["updated_at", "2016-01-18 08:44:42.447736"]]
  [1m[36m (311.8ms)[0m  [1mcommit transaction[0m
Redirected to http://localhost:3000/articles/1
Completed 302 Found in 316ms (ActiveRecord: 312.1ms)


Started GET "/articles/1" for 127.0.0.1 at 2016-01-18 14:14:42 +0530
Processing by ArticlesController#show as HTML
  Parameters: {"id"=>"1"}
  [1m[35mArticle Load (0.2ms)[0m  SELECT  "articles".* FROM "articles" WHERE "articles"."id" = ? LIMIT 1  [["id", 1]]
  Rendered articles/show.html.erb within layouts/application (0.6ms)
Completed 200 OK in 105ms (Views: 10.0ms | ActiveRecord: 0.2ms)


Started GET "/articles" for 127.0.0.1 at 2016-01-18 14:14:45 +0530
Processing by ArticlesController#index as HTML
  [1m[36mArticle Load (0.2ms)[0m  [1mSELECT "articles".* FROM "articles"[0m
  Rendered articles/index.html.erb within layouts/application (2.3ms)
Completed 200 OK in 21ms (Views: 20.1ms | ActiveRecord: 0.2ms)


Started GET "/articles" for 127.0.0.1 at 2016-01-18 14:15:13 +0530
Processing by ArticlesController#index as HTML
  [1m[35mArticle Load (0.2ms)[0m  SELECT "articles".* FROM "articles"
  Rendered articles/index.html.erb within layouts/application (1.3ms)
Completed 200 OK in 19ms (Views: 17.3ms | ActiveRecord: 0.2ms)


Started GET "/assets/articles.self-e3b0c44298fc1c149afbf4c8996fb92427ae41e4649b934ca495991b7852b855.css?body=1" for 127.0.0.1 at 2016-01-18 14:15:14 +0530


Started GET "/assets/turbolinks.self-c37727e9bd6b2735da5c311aa83fead54ed0be6cc8bd9a65309e9c5abe2cbfff.js?body=1" for 127.0.0.1 at 2016-01-18 14:15:14 +0530


Started GET "/assets/scaffolds.self-de8d5667933e1be98edc604aece5a23def9dce3c7bd70910a37f66b44eeed84c.css?body=1" for 127.0.0.1 at 2016-01-18 14:15:14 +0530


Started GET "/assets/application.self-e80e8f2318043e8af94dddc2adad5a4f09739a8ebb323b3ab31cd71d45fd9113.css?body=1" for 127.0.0.1 at 2016-01-18 14:15:14 +0530


Started GET "/assets/jquery_ujs.self-d602bdfe68ffc63b9f9cc512872aa3cfff046228a0a36e90dd476e8ef54c1b09.js?body=1" for 127.0.0.1 at 2016-01-18 14:15:14 +0530


Started GET "/assets/jquery.self-c64a74367bda6ef8b860f19e74df08927ca99d2be2ac934e9e92d5fd361e0da4.js?body=1" for 127.0.0.1 at 2016-01-18 14:15:14 +0530


Started GET "/assets/application.self-3b8dabdc891efe46b9a144b400ad69e37d7e5876bdc39dee783419a69d7ca819.js?body=1" for 127.0.0.1 at 2016-01-18 14:15:14 +0530


Started GET "/assets/articles.self-877aef30ae1b040ab8a3aba4e3e309a11d7f2612f44dde450b5c157aa5f95c05.js?body=1" for 127.0.0.1 at 2016-01-18 14:15:14 +0530


Started GET "/articles/new" for 127.0.0.1 at 2016-01-18 14:15:16 +0530
Processing by ArticlesController#new as HTML
  Rendered articles/_form.html.erb (27.6ms)
  Rendered articles/new.html.erb within layouts/application (28.2ms)
Completed 200 OK in 40ms (Views: 39.1ms | ActiveRecord: 0.0ms)


Started GET "/articles" for 127.0.0.1 at 2016-01-18 14:15:24 +0530
Processing by ArticlesController#index as HTML
  [1m[36mArticle Load (0.2ms)[0m  [1mSELECT "articles".* FROM "articles"[0m
  Rendered articles/index.html.erb within layouts/application (1.6ms)
Completed 200 OK in 23ms (Views: 22.0ms | ActiveRecord: 0.2ms)


Started GET "/articles" for 127.0.0.1 at 2016-01-18 14:16:39 +0530
  [1m[35mActiveRecord::SchemaMigration Load (0.1ms)[0m  SELECT "schema_migrations".* FROM "schema_migrations"

ActiveRecord::PendingMigrationError (

Migrations are pending. To resolve this issue, run:

	bin/rake db:migrate RAILS_ENV=development

):
  activerecord (4.2.5) lib/active_record/migration.rb:392:in `check_pending!'
  activerecord (4.2.5) lib/active_record/migration.rb:373:in `call'
  actionpack (4.2.5) lib/action_dispatch/middleware/callbacks.rb:29:in `block in call'
  activesupport (4.2.5) lib/active_support/callbacks.rb:88:in `__run_callbacks__'
  activesupport (4.2.5) lib/active_support/callbacks.rb:778:in `_run_call_callbacks'
  activesupport (4.2.5) lib/active_support/callbacks.rb:81:in `run_callbacks'
  actionpack (4.2.5) lib/action_dispatch/middleware/callbacks.rb:27:in `call'
  actionpack (4.2.5) lib/action_dispatch/middleware/reloader.rb:73:in `call'
  actionpack (4.2.5) lib/action_dispatch/middleware/remote_ip.rb:78:in `call'
  actionpack (4.2.5) lib/action_dispatch/middleware/debug_exceptions.rb:17:in `call'
  web-console (2.2.1) lib/web_console/middleware.rb:39:in `call'
  actionpack (4.2.5) lib/action_dispatch/middleware/show_exceptions.rb:30:in `call'
  railties (4.2.5) lib/rails/rack/logger.rb:38:in `call_app'
  railties (4.2.5) lib/rails/rack/logger.rb:20:in `block in call'
  activesupport (4.2.5) lib/active_support/tagged_logging.rb:68:in `block in tagged'
  activesupport (4.2.5) lib/active_support/tagged_logging.rb:26:in `tagged'
  activesupport (4.2.5) lib/active_support/tagged_logging.rb:68:in `tagged'
  railties (4.2.5) lib/rails/rack/logger.rb:20:in `call'
  actionpack (4.2.5) lib/action_dispatch/middleware/request_id.rb:21:in `call'
  rack (1.6.4) lib/rack/methodoverride.rb:22:in `call'
  rack (1.6.4) lib/rack/runtime.rb:18:in `call'
  activesupport (4.2.5) lib/active_support/cache/strategy/local_cache_middleware.rb:28:in `call'
  rack (1.6.4) lib/rack/lock.rb:17:in `call'
  actionpack (4.2.5) lib/action_dispatch/middleware/static.rb:116:in `call'
  rack (1.6.4) lib/rack/sendfile.rb:113:in `call'
  railties (4.2.5) lib/rails/engine.rb:518:in `call'
  railties (4.2.5) lib/rails/application.rb:165:in `call'
  rack (1.6.4) lib/rack/lock.rb:17:in `call'
  rack (1.6.4) lib/rack/content_length.rb:15:in `call'
  rack (1.6.4) lib/rack/handler/webrick.rb:88:in `service'
  /home/qt-vijay/.rvm/rubies/ruby-2.2.1/lib/ruby/2.2.0/webrick/httpserver.rb:138:in `service'
  /home/qt-vijay/.rvm/rubies/ruby-2.2.1/lib/ruby/2.2.0/webrick/httpserver.rb:94:in `run'
  /home/qt-vijay/.rvm/rubies/ruby-2.2.1/lib/ruby/2.2.0/webrick/server.rb:294:in `block in start_thread'


  Rendered /home/qt-vijay/.rvm/gems/ruby-2.2.1/gems/actionpack-4.2.5/lib/action_dispatch/middleware/templates/rescues/_source.erb (2.5ms)
  Rendered /home/qt-vijay/.rvm/gems/ruby-2.2.1/gems/actionpack-4.2.5/lib/action_dispatch/middleware/templates/rescues/_trace.html.erb (1.5ms)
  Rendered /home/qt-vijay/.rvm/gems/ruby-2.2.1/gems/actionpack-4.2.5/lib/action_dispatch/middleware/templates/rescues/_request_and_response.html.erb (0.9ms)
  Rendered /home/qt-vijay/.rvm/gems/ruby-2.2.1/gems/actionpack-4.2.5/lib/action_dispatch/middleware/templates/rescues/diagnostics.html.erb within rescues/layout (15.7ms)
  Rendered /home/qt-vijay/.rvm/gems/ruby-2.2.1/gems/web-console-2.2.1/lib/web_console/templates/_markup.html.erb (0.2ms)
  Rendered /home/qt-vijay/.rvm/gems/ruby-2.2.1/gems/web-console-2.2.1/lib/web_console/templates/_inner_console_markup.html.erb within layouts/inlined_string (0.4ms)
  Rendered /home/qt-vijay/.rvm/gems/ruby-2.2.1/gems/web-console-2.2.1/lib/web_console/templates/_prompt_box_markup.html.erb within layouts/inlined_string (0.2ms)
  Rendered /home/qt-vijay/.rvm/gems/ruby-2.2.1/gems/web-console-2.2.1/lib/web_console/templates/style.css.erb within layouts/inlined_string (0.2ms)
  Rendered /home/qt-vijay/.rvm/gems/ruby-2.2.1/gems/web-console-2.2.1/lib/web_console/templates/console.js.erb within layouts/javascript (12.6ms)
  Rendered /home/qt-vijay/.rvm/gems/ruby-2.2.1/gems/web-console-2.2.1/lib/web_console/templates/main.js.erb within layouts/javascript (0.2ms)
  Rendered /home/qt-vijay/.rvm/gems/ruby-2.2.1/gems/web-console-2.2.1/lib/web_console/templates/error_page.js.erb within layouts/javascript (0.3ms)
  Rendered /home/qt-vijay/.rvm/gems/ruby-2.2.1/gems/web-console-2.2.1/lib/web_console/templates/index.html.erb (25.0ms)
  [1m[36mActiveRecord::SchemaMigration Load (0.1ms)[0m  [1mSELECT "schema_migrations".* FROM "schema_migrations"[0m
Migrating to CreateComments (20160118084608)
  [1m[35m (0.1ms)[0m  begin transaction
  [1m[36m (0.2ms)[0m  [1mCREATE TABLE "comments" ("id" INTEGER PRIMARY KEY AUTOINCREMENT NOT NULL, "commenter" varchar, "body" text, "article_id" integer, "created_at" datetime NOT NULL, "updated_at" datetime NOT NULL) [0m
  [1m[35m (0.0ms)[0m  select sqlite_version(*)
  [1m[36m (0.1ms)[0m  [1mCREATE  INDEX "index_comments_on_article_id" ON "comments" ("article_id")[0m
  [1m[35mSQL (0.1ms)[0m  INSERT INTO "schema_migrations" ("version") VALUES (?)  [["version", "20160118084608"]]
  [1m[36m (152.8ms)[0m  [1mcommit transaction[0m
  [1m[35mActiveRecord::SchemaMigration Load (0.1ms)[0m  SELECT "schema_migrations".* FROM "schema_migrations"
  [1m[36m (0.2ms)[0m  [1m            SELECT sql
            FROM sqlite_master
            WHERE name='index_comments_on_article_id' AND type='index'
            UNION ALL
            SELECT sql
            FROM sqlite_temp_master
            WHERE name='index_comments_on_article_id' AND type='index'
[0m
